# JRE version: Java(TM) SE Runtime Environment (8.0_241-b07) (build 1.8.0_241-b07)
# Java VM: Java HotSpot(TM) 64-Bit Server VM (25.241-b07 mixed mode windows-amd64 compressed oops)
Heap:
 PSYoungGen      total 32256K, used 4285K [0x000000076b700000, 0x0000000788700000, 0x00000007c0000000)
  eden space 31232K, 12% used [0x000000076b700000,0x000000076baaf4e0,0x000000076d580000)
  from space 1024K, 50% used [0x0000000788500000,0x0000000788580020,0x0000000788600000)
  to   space 1024K, 0% used [0x0000000788600000,0x0000000788600000,0x0000000788700000)
 ParOldGen       total 173568K, used 53634K [0x00000006c2400000, 0x00000006ccd80000, 0x000000076b700000)
  object space 173568K, 30% used [0x00000006c2400000,0x00000006c5860ac0,0x00000006ccd80000)
 Metaspace       used 12363K, capacity 12624K, committed 12800K, reserved 1060864K
  class space    used 1175K, capacity 1258K, committed 1280K, reserved 1048576K
GC Heap History (10 events):
Event: 1958.490 GC heap before
{Heap before GC invocations=1241 (full 0):
 PSYoungGen      total 31744K, used 31696K [0x000000076b700000, 0x0000000788800000, 0x00000007c0000000)
  eden space 31232K, 100% used [0x000000076b700000,0x000000076d580000,0x000000076d580000)
  from space 512K, 90% used [0x0000000788780000,0x00000007887f4030,0x0000000788800000)
  to   space 1024K, 0% used [0x0000000788600000,0x0000000788600000,0x0000000788700000)
 ParOldGen       total 173568K, used 53426K [0x00000006c2400000, 0x00000006ccd80000, 0x000000076b700000)
  object space 173568K, 30% used [0x00000006c2400000,0x00000006c582cac0,0x00000006ccd80000)
 Metaspace       used 12363K, capacity 12624K, committed 12800K, reserved 1060864K
  class space    used 1175K, capacity 1258K, committed 1280K, reserved 1048576K
Event: 1958.493 GC heap after
Heap after GC invocations=1241 (full 0):
 PSYoungGen      total 32256K, used 496K [0x000000076b700000, 0x0000000788800000, 0x00000007c0000000)
  eden space 31232K, 0% used [0x000000076b700000,0x000000076b700000,0x000000076d580000)
  from space 1024K, 48% used [0x0000000788600000,0x000000078867c010,0x0000000788700000)
  to   space 1024K, 0% used [0x0000000788700000,0x0000000788700000,0x0000000788800000)
 ParOldGen       total 173568K, used 53458K [0x00000006c2400000, 0x00000006ccd80000, 0x000000076b700000)
  object space 173568K, 30% used [0x00000006c2400000,0x00000006c5834ac0,0x00000006ccd80000)
 Metaspace       used 12363K, capacity 12624K, committed 12800K, reserved 1060864K
  class space    used 1175K, capacity 1258K, committed 1280K, reserved 1048576K
}
Event: 1960.056 GC heap before
{Heap before GC invocations=1242 (full 0):
 PSYoungGen      total 32256K, used 31728K [0x000000076b700000, 0x0000000788800000, 0x00000007c0000000)
  eden space 31232K, 100% used [0x000000076b700000,0x000000076d580000,0x000000076d580000)
  from space 1024K, 48% used [0x0000000788600000,0x000000078867c010,0x0000000788700000)
  to   space 1024K, 0% used [0x0000000788700000,0x0000000788700000,0x0000000788800000)
 ParOldGen       total 173568K, used 53458K [0x00000006c2400000, 0x00000006ccd80000, 0x000000076b700000)
  object space 173568K, 30% used [0x00000006c2400000,0x00000006c5834ac0,0x00000006ccd80000)
 Metaspace       used 12363K, capacity 12624K, committed 12800K, reserved 1060864K
  class space    used 1175K, capacity 1258K, committed 1280K, reserved 1048576K
Event: 1960.057 GC heap after
Heap after GC invocations=1242 (full 0):
 PSYoungGen      total 31744K, used 448K [0x000000076b700000, 0x0000000788780000, 0x00000007c0000000)
  eden space 31232K, 0% used [0x000000076b700000,0x000000076b700000,0x000000076d580000)
  from space 512K, 87% used [0x0000000788700000,0x0000000788770020,0x0000000788780000)
  to   space 1024K, 0% used [0x0000000788580000,0x0000000788580000,0x0000000788680000)
 ParOldGen       total 173568K, used 53498K [0x00000006c2400000, 0x00000006ccd80000, 0x000000076b700000)
  object space 173568K, 30% used [0x00000006c2400000,0x00000006c583eac0,0x00000006ccd80000)
 Metaspace       used 12363K, capacity 12624K, committed 12800K, reserved 1060864K
  class space    used 1175K, capacity 1258K, committed 1280K, reserved 1048576K
}
Event: 1961.623 GC heap before
{Heap before GC invocations=1243 (full 0):
 PSYoungGen      total 31744K, used 31680K [0x000000076b700000, 0x0000000788780000, 0x00000007c0000000)
  eden space 31232K, 100% used [0x000000076b700000,0x000000076d580000,0x000000076d580000)
  from space 512K, 87% used [0x0000000788700000,0x0000000788770020,0x0000000788780000)
  to   space 1024K, 0% used [0x0000000788580000,0x0000000788580000,0x0000000788680000)
 ParOldGen       total 173568K, used 53498K [0x00000006c2400000, 0x00000006ccd80000, 0x000000076b700000)
  object space 173568K, 30% used [0x00000006c2400000,0x00000006c583eac0,0x00000006ccd80000)
 Metaspace       used 12363K, capacity 12624K, committed 12800K, reserved 1060864K
  class space    used 1175K, capacity 1258K, committed 1280K, reserved 1048576K
Event: 1961.626 GC heap after
Heap after GC invocations=1243 (full 0):
 PSYoungGen      total 32256K, used 512K [0x000000076b700000, 0x0000000788780000, 0x00000007c0000000)
  eden space 31232K, 0% used [0x000000076b700000,0x000000076b700000,0x000000076d580000)
  from space 1024K, 50% used [0x0000000788580000,0x0000000788600020,0x0000000788680000)
  to   space 1024K, 0% used [0x0000000788680000,0x0000000788680000,0x0000000788780000)
 ParOldGen       total 173568K, used 53538K [0x00000006c2400000, 0x00000006ccd80000, 0x000000076b700000)
  object space 173568K, 30% used [0x00000006c2400000,0x00000006c5848ac0,0x00000006ccd80000)
 Metaspace       used 12363K, capacity 12624K, committed 12800K, reserved 1060864K
  class space    used 1175K, capacity 1258K, committed 1280K, reserved 1048576K
}
Event: 1963.189 GC heap before
{Heap before GC invocations=1244 (full 0):
 PSYoungGen      total 32256K, used 31744K [0x000000076b700000, 0x0000000788780000, 0x00000007c0000000)
  eden space 31232K, 100% used [0x000000076b700000,0x000000076d580000,0x000000076d580000)
  from space 1024K, 50% used [0x0000000788580000,0x0000000788600020,0x0000000788680000)
  to   space 1024K, 0% used [0x0000000788680000,0x0000000788680000,0x0000000788780000)
 ParOldGen       total 173568K, used 53538K [0x00000006c2400000, 0x00000006ccd80000, 0x000000076b700000)
  object space 173568K, 30% used [0x00000006c2400000,0x00000006c5848ac0,0x00000006ccd80000)
 Metaspace       used 12363K, capacity 12624K, committed 12800K, reserved 1060864K
  class space    used 1175K, capacity 1258K, committed 1280K, reserved 1048576K
Event: 1963.191 GC heap after
Heap after GC invocations=1244 (full 0):
 PSYoungGen      total 31744K, used 448K [0x000000076b700000, 0x0000000788700000, 0x00000007c0000000)
  eden space 31232K, 0% used [0x000000076b700000,0x000000076b700000,0x000000076d580000)
  from space 512K, 87% used [0x0000000788680000,0x00000007886f0020,0x0000000788700000)
  to   space 1024K, 0% used [0x0000000788500000,0x0000000788500000,0x0000000788600000)
 ParOldGen       total 173568K, used 53578K [0x00000006c2400000, 0x00000006ccd80000, 0x000000076b700000)
  object space 173568K, 30% used [0x00000006c2400000,0x00000006c5852ac0,0x00000006ccd80000)
 Metaspace       used 12363K, capacity 12624K, committed 12800K, reserved 1060864K
  class space    used 1175K, capacity 1258K, committed 1280K, reserved 1048576K
}
Event: 1964.757 GC heap before
{Heap before GC invocations=1245 (full 0):
 PSYoungGen      total 31744K, used 31680K [0x000000076b700000, 0x0000000788700000, 0x00000007c0000000)
  eden space 31232K, 100% used [0x000000076b700000,0x000000076d580000,0x000000076d580000)
  from space 512K, 87% used [0x0000000788680000,0x00000007886f0020,0x0000000788700000)
  to   space 1024K, 0% used [0x0000000788500000,0x0000000788500000,0x0000000788600000)
 ParOldGen       total 173568K, used 53578K [0x00000006c2400000, 0x00000006ccd80000, 0x000000076b700000)
  object space 173568K, 30% used [0x00000006c2400000,0x00000006c5852ac0,0x00000006ccd80000)
 Metaspace       used 12363K, capacity 12624K, committed 12800K, reserved 1060864K
  class space    used 1175K, capacity 1258K, committed 1280K, reserved 1048576K
Event: 1964.759 GC heap after
Heap after GC invocations=1245 (full 0):
 PSYoungGen      total 32256K, used 512K [0x000000076b700000, 0x0000000788700000, 0x00000007c0000000)
  eden space 31232K, 0% used [0x000000076b700000,0x000000076b700000,0x000000076d580000)
  from space 1024K, 50% used [0x0000000788500000,0x0000000788580020,0x0000000788600000)
  to   space 1024K, 0% used [0x0000000788600000,0x0000000788600000,0x0000000788700000)
 ParOldGen       total 173568K, used 53634K [0x00000006c2400000, 0x00000006ccd80000, 0x000000076b700000)
  object space 173568K, 30% used [0x00000006c2400000,0x00000006c5860ac0,0x00000006ccd80000)
 Metaspace       used 12363K, capacity 12624K, committed 12800K, reserved 1060864K
  class space    used 1175K, capacity 1258K, committed 1280K, reserved 1048576K
}

